

Started GET "/assets/rails.png" for 10.0.2.2 at 2013-03-13 13:43:44 +0100
Connecting to database specified by database.yml
Served asset /rails.png - 200 OK (93ms)


Started GET "/assets/rails.png" for 10.0.2.2 at 2013-03-13 13:45:43 +0100
Served asset /rails.png - 304 Not Modified (1ms)


Started GET "/static_pages/home" for 10.0.2.2 at 2013-03-13 13:51:24 +0100
Processing by StaticPagesController#home as HTML
  Rendered static_pages/home.html.erb within layouts/application (22.1ms)
Compiled static_pages.css  (83ms)  (pid 4935)
Compiled application.css  (173ms)  (pid 4935)
Compiled jquery.js  (2ms)  (pid 4935)
Compiled jquery_ujs.js  (0ms)  (pid 4935)
Compiled static_pages.js  (743ms)  (pid 4935)
Compiled application.js  (1143ms)  (pid 4935)
Completed 200 OK in 2070ms (Views: 2069.1ms | ActiveRecord: 0.0ms)


Started GET "/assets/application.css?body=1" for 10.0.2.2 at 2013-03-13 13:51:26 +0100
Served asset /application.css - 200 OK (27ms)


Started GET "/assets/static_pages.js?body=1" for 10.0.2.2 at 2013-03-13 13:51:26 +0100
Served asset /static_pages.js - 200 OK (14ms)


Started GET "/assets/application.js?body=1" for 10.0.2.2 at 2013-03-13 13:51:26 +0100
Served asset /application.js - 200 OK (70ms)


Started GET "/assets/jquery_ujs.js?body=1" for 10.0.2.2 at 2013-03-13 13:51:26 +0100
Served asset /jquery_ujs.js - 200 OK (26ms)


Started GET "/assets/static_pages.css?body=1" for 10.0.2.2 at 2013-03-13 13:51:26 +0100
Served asset /static_pages.css - 200 OK (18ms)


Started GET "/assets/jquery.js?body=1" for 10.0.2.2 at 2013-03-13 13:51:26 +0100
Served asset /jquery.js - 200 OK (31ms)
Connecting to database specified by database.yml


Started GET "/static_pages/about" for 10.0.2.2 at 2013-03-13 14:10:06 +0100
Processing by StaticPagesController#about as HTML
  Rendered static_pages/about.html.erb within layouts/application (0.6ms)
Completed 200 OK in 77ms (Views: 76.1ms | ActiveRecord: 0.0ms)


Started GET "/assets/application.css?body=1" for 10.0.2.2 at 2013-03-13 14:10:06 +0100
Served asset /application.css - 304 Not Modified (2ms)


Started GET "/assets/application.js?body=1" for 10.0.2.2 at 2013-03-13 14:10:06 +0100
Served asset /application.js - 304 Not Modified (4ms)


Started GET "/assets/jquery_ujs.js?body=1" for 10.0.2.2 at 2013-03-13 14:10:06 +0100
Served asset /jquery_ujs.js - 304 Not Modified (1ms)


Started GET "/assets/static_pages.js?body=1" for 10.0.2.2 at 2013-03-13 14:10:06 +0100
Served asset /static_pages.js - 304 Not Modified (0ms)


Started GET "/assets/jquery.js?body=1" for 10.0.2.2 at 2013-03-13 14:10:06 +0100
Served asset /jquery.js - 304 Not Modified (1ms)


Started GET "/assets/static_pages.css?body=1" for 10.0.2.2 at 2013-03-13 14:10:06 +0100
Served asset /static_pages.css - 304 Not Modified (1ms)


Started GET "/static_pages/about" for 10.0.2.2 at 2013-03-13 14:35:10 +0100
Processing by StaticPagesController#about as HTML
  Rendered static_pages/about.html.erb within layouts/application (0.6ms)
Completed 200 OK in 77ms (Views: 76.7ms | ActiveRecord: 0.0ms)


Started GET "/assets/application.css?body=1" for 10.0.2.2 at 2013-03-13 14:35:11 +0100
Served asset /application.css - 304 Not Modified (2ms)


Started GET "/assets/static_pages.js?body=1" for 10.0.2.2 at 2013-03-13 14:35:11 +0100
Served asset /static_pages.js - 304 Not Modified (1ms)


Started GET "/assets/jquery_ujs.js?body=1" for 10.0.2.2 at 2013-03-13 14:35:11 +0100
Served asset /jquery_ujs.js - 304 Not Modified (0ms)


Started GET "/assets/jquery.js?body=1" for 10.0.2.2 at 2013-03-13 14:35:11 +0100
Served asset /jquery.js - 304 Not Modified (1ms)


Started GET "/assets/application.js?body=1" for 10.0.2.2 at 2013-03-13 14:35:11 +0100
Served asset /application.js - 304 Not Modified (3ms)


Started GET "/assets/static_pages.css?body=1" for 10.0.2.2 at 2013-03-13 14:35:11 +0100
Served asset /static_pages.css - 304 Not Modified (1ms)


Started GET "/static_pages/home" for 10.0.2.2 at 2013-03-13 14:35:15 +0100
Processing by StaticPagesController#home as HTML
  Rendered static_pages/home.html.erb within layouts/application (0.6ms)
Completed 200 OK in 81ms (Views: 79.9ms | ActiveRecord: 0.0ms)


Started GET "/assets/application.js?body=1" for 10.0.2.2 at 2013-03-13 14:35:16 +0100
Served asset /application.js - 304 Not Modified (4ms)


Started GET "/assets/static_pages.js?body=1" for 10.0.2.2 at 2013-03-13 14:35:16 +0100
Served asset /static_pages.js - 304 Not Modified (1ms)


Started GET "/assets/jquery_ujs.js?body=1" for 10.0.2.2 at 2013-03-13 14:35:16 +0100
Served asset /jquery_ujs.js - 304 Not Modified (0ms)


Started GET "/assets/jquery.js?body=1" for 10.0.2.2 at 2013-03-13 14:35:16 +0100
Served asset /jquery.js - 304 Not Modified (2ms)


Started GET "/assets/application.css?body=1" for 10.0.2.2 at 2013-03-13 14:35:16 +0100
Served asset /application.css - 304 Not Modified (2ms)


Started GET "/assets/static_pages.css?body=1" for 10.0.2.2 at 2013-03-13 14:35:16 +0100
Served asset /static_pages.css - 304 Not Modified (0ms)


Started GET "/static_pages/contact" for 10.0.2.2 at 2013-03-13 14:35:20 +0100

ActionController::RoutingError (No route matches [GET] "/static_pages/contact"):
  actionpack (3.2.12) lib/action_dispatch/middleware/debug_exceptions.rb:21:in `call'
  actionpack (3.2.12) lib/action_dispatch/middleware/show_exceptions.rb:56:in `call'
  railties (3.2.12) lib/rails/rack/logger.rb:32:in `call_app'
  railties (3.2.12) lib/rails/rack/logger.rb:16:in `block in call'
  activesupport (3.2.12) lib/active_support/tagged_logging.rb:22:in `tagged'
  railties (3.2.12) lib/rails/rack/logger.rb:16:in `call'
  actionpack (3.2.12) lib/action_dispatch/middleware/request_id.rb:22:in `call'
  rack (1.4.5) lib/rack/methodoverride.rb:21:in `call'
  rack (1.4.5) lib/rack/runtime.rb:17:in `call'
  activesupport (3.2.12) lib/active_support/cache/strategy/local_cache.rb:72:in `call'
  rack (1.4.5) lib/rack/lock.rb:15:in `call'
  actionpack (3.2.12) lib/action_dispatch/middleware/static.rb:62:in `call'
  railties (3.2.12) lib/rails/engine.rb:479:in `call'
  railties (3.2.12) lib/rails/application.rb:223:in `call'
  rack (1.4.5) lib/rack/content_length.rb:14:in `call'
  railties (3.2.12) lib/rails/rack/log_tailer.rb:17:in `call'
  rack (1.4.5) lib/rack/handler/webrick.rb:59:in `service'
  /home/alu3958/.rvm/rubies/ruby-1.9.3-p385/lib/ruby/1.9.1/webrick/httpserver.rb:138:in `service'
  /home/alu3958/.rvm/rubies/ruby-1.9.3-p385/lib/ruby/1.9.1/webrick/httpserver.rb:94:in `run'
  /home/alu3958/.rvm/rubies/ruby-1.9.3-p385/lib/ruby/1.9.1/webrick/server.rb:191:in `block in start_thread'


  Rendered /home/alu3958/.rvm/gems/ruby-1.9.3-p385/gems/actionpack-3.2.12/lib/action_dispatch/middleware/templates/rescues/routing_error.erb within rescues/layout (0.8ms)


Started GET "/static_pages/" for 10.0.2.2 at 2013-03-13 14:44:07 +0100

ActionController::RoutingError (No route matches [GET] "/static_pages"):
  actionpack (3.2.12) lib/action_dispatch/middleware/debug_exceptions.rb:21:in `call'
  actionpack (3.2.12) lib/action_dispatch/middleware/show_exceptions.rb:56:in `call'
  railties (3.2.12) lib/rails/rack/logger.rb:32:in `call_app'
  railties (3.2.12) lib/rails/rack/logger.rb:16:in `block in call'
  activesupport (3.2.12) lib/active_support/tagged_logging.rb:22:in `tagged'
  railties (3.2.12) lib/rails/rack/logger.rb:16:in `call'
  actionpack (3.2.12) lib/action_dispatch/middleware/request_id.rb:22:in `call'
  rack (1.4.5) lib/rack/methodoverride.rb:21:in `call'
  rack (1.4.5) lib/rack/runtime.rb:17:in `call'
  activesupport (3.2.12) lib/active_support/cache/strategy/local_cache.rb:72:in `call'
  rack (1.4.5) lib/rack/lock.rb:15:in `call'
  actionpack (3.2.12) lib/action_dispatch/middleware/static.rb:62:in `call'
  railties (3.2.12) lib/rails/engine.rb:479:in `call'
  railties (3.2.12) lib/rails/application.rb:223:in `call'
  rack (1.4.5) lib/rack/content_length.rb:14:in `call'
  railties (3.2.12) lib/rails/rack/log_tailer.rb:17:in `call'
  rack (1.4.5) lib/rack/handler/webrick.rb:59:in `service'
  /home/alu3958/.rvm/rubies/ruby-1.9.3-p385/lib/ruby/1.9.1/webrick/httpserver.rb:138:in `service'
  /home/alu3958/.rvm/rubies/ruby-1.9.3-p385/lib/ruby/1.9.1/webrick/httpserver.rb:94:in `run'
  /home/alu3958/.rvm/rubies/ruby-1.9.3-p385/lib/ruby/1.9.1/webrick/server.rb:191:in `block in start_thread'


  Rendered /home/alu3958/.rvm/gems/ruby-1.9.3-p385/gems/actionpack-3.2.12/lib/action_dispatch/middleware/templates/rescues/routing_error.erb within rescues/layout (1.0ms)


Started GET "/static_pages/home" for 10.0.2.2 at 2013-03-13 14:44:10 +0100
Processing by StaticPagesController#home as HTML
  Rendered static_pages/home.html.erb within layouts/application (0.6ms)
Completed 200 OK in 103ms (Views: 103.3ms | ActiveRecord: 0.0ms)


Started GET "/assets/static_pages.js?body=1" for 10.0.2.2 at 2013-03-13 14:44:10 +0100
Served asset /static_pages.js - 304 Not Modified (4ms)


Started GET "/assets/application.js?body=1" for 10.0.2.2 at 2013-03-13 14:44:10 +0100
Served asset /application.js - 304 Not Modified (13ms)


Started GET "/assets/jquery.js?body=1" for 10.0.2.2 at 2013-03-13 14:44:10 +0100
Served asset /jquery.js - 304 Not Modified (1ms)


Started GET "/assets/jquery_ujs.js?body=1" for 10.0.2.2 at 2013-03-13 14:44:10 +0100
Served asset /jquery_ujs.js - 304 Not Modified (0ms)


Started GET "/assets/static_pages.css?body=1" for 10.0.2.2 at 2013-03-13 14:44:10 +0100
Served asset /static_pages.css - 304 Not Modified (5ms)


Started GET "/assets/application.css?body=1" for 10.0.2.2 at 2013-03-13 14:44:10 +0100
Served asset /application.css - 304 Not Modified (10ms)


Started GET "/static_pages/help" for 10.0.2.2 at 2013-03-13 14:49:03 +0100
Processing by StaticPagesController#help as HTML
  Rendered static_pages/help.html.erb within layouts/application (0.6ms)
Completed 200 OK in 102ms (Views: 101.6ms | ActiveRecord: 0.0ms)


Started GET "/assets/application.css?body=1" for 10.0.2.2 at 2013-03-13 14:49:03 +0100
Served asset /application.css - 304 Not Modified (10ms)


Started GET "/assets/application.js?body=1" for 10.0.2.2 at 2013-03-13 14:49:03 +0100
Served asset /application.js - 304 Not Modified (12ms)


Started GET "/assets/static_pages.js?body=1" for 10.0.2.2 at 2013-03-13 14:49:04 +0100
Served asset /static_pages.js - 304 Not Modified (4ms)


Started GET "/assets/jquery_ujs.js?body=1" for 10.0.2.2 at 2013-03-13 14:49:04 +0100
Served asset /jquery_ujs.js - 304 Not Modified (0ms)


Started GET "/assets/jquery.js?body=1" for 10.0.2.2 at 2013-03-13 14:49:04 +0100
Served asset /jquery.js - 304 Not Modified (1ms)


Started GET "/assets/static_pages.css?body=1" for 10.0.2.2 at 2013-03-13 14:49:04 +0100
Served asset /static_pages.css - 304 Not Modified (4ms)


Started GET "/static_pages/about" for 10.0.2.2 at 2013-03-13 14:49:13 +0100
Processing by StaticPagesController#about as HTML
  Rendered static_pages/about.html.erb within layouts/application (0.6ms)
Completed 200 OK in 93ms (Views: 93.0ms | ActiveRecord: 0.0ms)


Started GET "/assets/static_pages.js?body=1" for 10.0.2.2 at 2013-03-13 14:49:13 +0100
Served asset /static_pages.js - 304 Not Modified (4ms)


Started GET "/assets/application.js?body=1" for 10.0.2.2 at 2013-03-13 14:49:13 +0100
Served asset /application.js - 304 Not Modified (10ms)


Started GET "/assets/jquery.js?body=1" for 10.0.2.2 at 2013-03-13 14:49:14 +0100
Served asset /jquery.js - 304 Not Modified (1ms)


Started GET "/assets/jquery_ujs.js?body=1" for 10.0.2.2 at 2013-03-13 14:49:14 +0100
Served asset /jquery_ujs.js - 304 Not Modified (1ms)


Started GET "/assets/static_pages.css?body=1" for 10.0.2.2 at 2013-03-13 14:49:14 +0100
Served asset /static_pages.css - 304 Not Modified (3ms)


Started GET "/assets/application.css?body=1" for 10.0.2.2 at 2013-03-13 14:49:14 +0100
Served asset /application.css - 304 Not Modified (10ms)


Started GET "/assets/rails.png" for 10.0.2.2 at 2013-04-04 13:32:36 +0200
Connecting to database specified by database.yml
Served asset /rails.png - 304 Not Modified (44ms)


Started GET "/home" for 10.0.2.2 at 2013-04-04 13:32:39 +0200

ActionController::RoutingError (No route matches [GET] "/home"):
  actionpack (3.2.12) lib/action_dispatch/middleware/debug_exceptions.rb:21:in `call'
  actionpack (3.2.12) lib/action_dispatch/middleware/show_exceptions.rb:56:in `call'
  railties (3.2.12) lib/rails/rack/logger.rb:32:in `call_app'
  railties (3.2.12) lib/rails/rack/logger.rb:16:in `block in call'
  activesupport (3.2.12) lib/active_support/tagged_logging.rb:22:in `tagged'
  railties (3.2.12) lib/rails/rack/logger.rb:16:in `call'
  actionpack (3.2.12) lib/action_dispatch/middleware/request_id.rb:22:in `call'
  rack (1.4.5) lib/rack/methodoverride.rb:21:in `call'
  rack (1.4.5) lib/rack/runtime.rb:17:in `call'
  activesupport (3.2.12) lib/active_support/cache/strategy/local_cache.rb:72:in `call'
  rack (1.4.5) lib/rack/lock.rb:15:in `call'
  actionpack (3.2.12) lib/action_dispatch/middleware/static.rb:62:in `call'
  railties (3.2.12) lib/rails/engine.rb:479:in `call'
  railties (3.2.12) lib/rails/application.rb:223:in `call'
  rack (1.4.5) lib/rack/content_length.rb:14:in `call'
  railties (3.2.12) lib/rails/rack/log_tailer.rb:17:in `call'
  rack (1.4.5) lib/rack/handler/webrick.rb:59:in `service'
  /home/alu3958/.rvm/rubies/ruby-1.9.3-p385/lib/ruby/1.9.1/webrick/httpserver.rb:138:in `service'
  /home/alu3958/.rvm/rubies/ruby-1.9.3-p385/lib/ruby/1.9.1/webrick/httpserver.rb:94:in `run'
  /home/alu3958/.rvm/rubies/ruby-1.9.3-p385/lib/ruby/1.9.1/webrick/server.rb:191:in `block in start_thread'


  Rendered /home/alu3958/.rvm/gems/ruby-1.9.3-p385/gems/actionpack-3.2.12/lib/action_dispatch/middleware/templates/rescues/routing_error.erb within rescues/layout (11.5ms)


Started GET "/static_pages/home" for 10.0.2.2 at 2013-04-04 13:33:21 +0200
Connecting to database specified by database.yml
Processing by StaticPagesController#home as HTML
  Rendered static_pages/home.html.erb within layouts/application (16.4ms)
Completed 200 OK in 598ms (Views: 597.5ms | ActiveRecord: 0.0ms)


Started GET "/assets/application.css?body=1" for 10.0.2.2 at 2013-04-04 13:33:23 +0200
Served asset /application.css - 200 OK (37ms)


Started GET "/assets/application.js?body=1" for 10.0.2.2 at 2013-04-04 13:33:23 +0200
Served asset /application.js - 200 OK (67ms)


Started GET "/assets/jquery_ujs.js?body=1" for 10.0.2.2 at 2013-04-04 13:33:24 +0200
Served asset /jquery_ujs.js - 200 OK (35ms)


Started GET "/assets/static_pages.js?body=1" for 10.0.2.2 at 2013-04-04 13:33:24 +0200
Served asset /static_pages.js - 200 OK (25ms)


Started GET "/assets/static_pages.css?body=1" for 10.0.2.2 at 2013-04-04 13:33:24 +0200
Served asset /static_pages.css - 200 OK (30ms)


Started GET "/assets/jquery.js?body=1" for 10.0.2.2 at 2013-04-04 13:33:24 +0200
Served asset /jquery.js - 200 OK (43ms)


Started GET "/static_pages/about" for 10.0.2.2 at 2013-04-04 13:33:29 +0200
Processing by StaticPagesController#about as HTML
  Rendered static_pages/about.html.erb within layouts/application (2.1ms)
Completed 200 OK in 258ms (Views: 255.8ms | ActiveRecord: 0.0ms)


Started GET "/assets/application.css?body=1" for 10.0.2.2 at 2013-04-04 13:33:30 +0200
Served asset /application.css - 304 Not Modified (11ms)


Started GET "/assets/jquery_ujs.js?body=1" for 10.0.2.2 at 2013-04-04 13:33:30 +0200
Served asset /jquery_ujs.js - 304 Not Modified (1ms)


Started GET "/assets/jquery.js?body=1" for 10.0.2.2 at 2013-04-04 13:33:30 +0200
Served asset /jquery.js - 304 Not Modified (3ms)


Started GET "/assets/static_pages.js?body=1" for 10.0.2.2 at 2013-04-04 13:33:30 +0200
Served asset /static_pages.js - 304 Not Modified (8ms)


Started GET "/assets/application.js?body=1" for 10.0.2.2 at 2013-04-04 13:33:30 +0200
Served asset /application.js - 304 Not Modified (18ms)


Started GET "/assets/static_pages.css?body=1" for 10.0.2.2 at 2013-04-04 13:33:30 +0200
Served asset /static_pages.css - 304 Not Modified (8ms)


Started GET "/static_pages/about" for 10.0.2.2 at 2013-04-04 13:37:11 +0200
Connecting to database specified by database.yml
Processing by StaticPagesController#about as HTML
  Rendered static_pages/about.html.erb within layouts/application (13.3ms)
Completed 200 OK in 414ms (Views: 413.0ms | ActiveRecord: 0.0ms)


Started GET "/assets/application.css?body=1" for 10.0.2.2 at 2013-04-04 13:37:13 +0200
Served asset /application.css - 304 Not Modified (42ms)


Started GET "/assets/application.js?body=1" for 10.0.2.2 at 2013-04-04 13:37:13 +0200
Served asset /application.js - 304 Not Modified (66ms)


Started GET "/assets/jquery_ujs.js?body=1" for 10.0.2.2 at 2013-04-04 13:37:13 +0200
Served asset /jquery_ujs.js - 304 Not Modified (37ms)


Started GET "/assets/static_pages.js?body=1" for 10.0.2.2 at 2013-04-04 13:37:14 +0200
Served asset /static_pages.js - 304 Not Modified (25ms)


Started GET "/assets/jquery.js?body=1" for 10.0.2.2 at 2013-04-04 13:37:14 +0200
Served asset /jquery.js - 304 Not Modified (44ms)


Started GET "/assets/static_pages.css?body=1" for 10.0.2.2 at 2013-04-04 13:37:14 +0200
Served asset /static_pages.css - 304 Not Modified (33ms)


Started GET "/static_pages/home" for 10.0.2.2 at 2013-04-04 13:37:18 +0200
Processing by StaticPagesController#home as HTML
  Rendered static_pages/home.html.erb within layouts/application (2.7ms)
Completed 200 OK in 268ms (Views: 265.7ms | ActiveRecord: 0.0ms)


Started GET "/assets/application.css?body=1" for 10.0.2.2 at 2013-04-04 13:37:18 +0200
Served asset /application.css - 304 Not Modified (18ms)


Started GET "/assets/application.js?body=1" for 10.0.2.2 at 2013-04-04 13:37:18 +0200
Served asset /application.js - 304 Not Modified (24ms)


Started GET "/assets/static_pages.css?body=1" for 10.0.2.2 at 2013-04-04 13:37:18 +0200
Served asset /static_pages.css - 304 Not Modified (8ms)


Started GET "/assets/static_pages.js?body=1" for 10.0.2.2 at 2013-04-04 13:37:19 +0200
Served asset /static_pages.js - 304 Not Modified (8ms)


Started GET "/assets/jquery.js?body=1" for 10.0.2.2 at 2013-04-04 13:37:19 +0200
Served asset /jquery.js - 304 Not Modified (3ms)


Started GET "/assets/jquery_ujs.js?body=1" for 10.0.2.2 at 2013-04-04 13:37:19 +0200
Served asset /jquery_ujs.js - 304 Not Modified (3ms)


Started GET "/static_pages/home" for 10.0.2.2 at 2013-04-04 13:40:19 +0200
Connecting to database specified by database.yml
Processing by StaticPagesController#home as HTML
  Rendered static_pages/home.html.erb within layouts/application (13.6ms)
Completed 200 OK in 401ms (Views: 399.7ms | ActiveRecord: 0.0ms)


Started GET "/assets/application.css?body=1" for 10.0.2.2 at 2013-04-04 13:40:22 +0200
Served asset /application.css - 304 Not Modified (48ms)


Started GET "/assets/jquery.js?body=1" for 10.0.2.2 at 2013-04-04 13:40:22 +0200
Served asset /jquery.js - 304 Not Modified (43ms)


Started GET "/assets/application.js?body=1" for 10.0.2.2 at 2013-04-04 13:40:22 +0200
Served asset /application.js - 304 Not Modified (68ms)


Started GET "/assets/jquery_ujs.js?body=1" for 10.0.2.2 at 2013-04-04 13:40:22 +0200
Served asset /jquery_ujs.js - 304 Not Modified (49ms)


Started GET "/assets/static_pages.js?body=1" for 10.0.2.2 at 2013-04-04 13:40:22 +0200
Served asset /static_pages.js - 304 Not Modified (25ms)


Started GET "/assets/static_pages.css?body=1" for 10.0.2.2 at 2013-04-04 13:40:22 +0200
Served asset /static_pages.css - 304 Not Modified (32ms)


Started GET "/static_pages/pepe" for 10.0.2.2 at 2013-04-04 13:40:29 +0200

ActionController::RoutingError (No route matches [GET] "/static_pages/pepe"):
  actionpack (3.2.12) lib/action_dispatch/middleware/debug_exceptions.rb:21:in `call'
  actionpack (3.2.12) lib/action_dispatch/middleware/show_exceptions.rb:56:in `call'
  railties (3.2.12) lib/rails/rack/logger.rb:32:in `call_app'
  railties (3.2.12) lib/rails/rack/logger.rb:16:in `block in call'
  activesupport (3.2.12) lib/active_support/tagged_logging.rb:22:in `tagged'
  railties (3.2.12) lib/rails/rack/logger.rb:16:in `call'
  actionpack (3.2.12) lib/action_dispatch/middleware/request_id.rb:22:in `call'
  rack (1.4.5) lib/rack/methodoverride.rb:21:in `call'
  rack (1.4.5) lib/rack/runtime.rb:17:in `call'
  activesupport (3.2.12) lib/active_support/cache/strategy/local_cache.rb:72:in `call'
  rack (1.4.5) lib/rack/lock.rb:15:in `call'
  actionpack (3.2.12) lib/action_dispatch/middleware/static.rb:62:in `call'
  railties (3.2.12) lib/rails/engine.rb:479:in `call'
  railties (3.2.12) lib/rails/application.rb:223:in `call'
  rack (1.4.5) lib/rack/content_length.rb:14:in `call'
  railties (3.2.12) lib/rails/rack/log_tailer.rb:17:in `call'
  rack (1.4.5) lib/rack/handler/webrick.rb:59:in `service'
  /home/alu3958/.rvm/rubies/ruby-1.9.3-p385/lib/ruby/1.9.1/webrick/httpserver.rb:138:in `service'
  /home/alu3958/.rvm/rubies/ruby-1.9.3-p385/lib/ruby/1.9.1/webrick/httpserver.rb:94:in `run'
  /home/alu3958/.rvm/rubies/ruby-1.9.3-p385/lib/ruby/1.9.1/webrick/server.rb:191:in `block in start_thread'


  Rendered /home/alu3958/.rvm/gems/ruby-1.9.3-p385/gems/actionpack-3.2.12/lib/action_dispatch/middleware/templates/rescues/routing_error.erb within rescues/layout (3.0ms)


Started GET "/static_pages/home" for 10.0.2.2 at 2013-04-04 13:40:35 +0200
Processing by StaticPagesController#home as HTML
  Rendered static_pages/home.html.erb within layouts/application (0.2ms)
Completed 200 OK in 201ms (Views: 200.7ms | ActiveRecord: 0.0ms)


Started GET "/assets/application.js?body=1" for 10.0.2.2 at 2013-04-04 13:40:35 +0200
Served asset /application.js - 304 Not Modified (21ms)


Started GET "/assets/jquery_ujs.js?body=1" for 10.0.2.2 at 2013-04-04 13:40:35 +0200
Served asset /jquery_ujs.js - 304 Not Modified (2ms)


Started GET "/assets/jquery.js?body=1" for 10.0.2.2 at 2013-04-04 13:40:36 +0200
Served asset /jquery.js - 304 Not Modified (3ms)


Started GET "/assets/static_pages.css?body=1" for 10.0.2.2 at 2013-04-04 13:40:36 +0200
Served asset /static_pages.css - 304 Not Modified (10ms)


Started GET "/assets/static_pages.js?body=1" for 10.0.2.2 at 2013-04-04 13:40:36 +0200
Served asset /static_pages.js - 304 Not Modified (9ms)


Started GET "/assets/application.css?body=1" for 10.0.2.2 at 2013-04-04 13:40:36 +0200
Served asset /application.css - 304 Not Modified (27ms)


Started GET "/static_pages/about" for 10.0.2.2 at 2013-04-04 13:40:40 +0200
Processing by StaticPagesController#about as HTML
  Rendered static_pages/about.html.erb within layouts/application (1.9ms)
Completed 200 OK in 321ms (Views: 319.6ms | ActiveRecord: 0.0ms)


Started GET "/assets/jquery.js?body=1" for 10.0.2.2 at 2013-04-04 13:40:40 +0200
Served asset /jquery.js - 304 Not Modified (1ms)


Started GET "/assets/application.css?body=1" for 10.0.2.2 at 2013-04-04 13:40:41 +0200
Served asset /application.css - 304 Not Modified (20ms)


Started GET "/assets/static_pages.css?body=1" for 10.0.2.2 at 2013-04-04 13:40:41 +0200
Served asset /static_pages.css - 304 Not Modified (7ms)


Started GET "/assets/jquery_ujs.js?body=1" for 10.0.2.2 at 2013-04-04 13:40:41 +0200
Served asset /jquery_ujs.js - 304 Not Modified (1ms)


Started GET "/assets/application.js?body=1" for 10.0.2.2 at 2013-04-04 13:40:41 +0200
Served asset /application.js - 304 Not Modified (25ms)


Started GET "/assets/static_pages.js?body=1" for 10.0.2.2 at 2013-04-04 13:40:41 +0200
Served asset /static_pages.js - 304 Not Modified (8ms)


Started GET "/static_pages/help" for 10.0.2.2 at 2013-04-04 13:40:45 +0200
Processing by StaticPagesController#help as HTML
  Rendered static_pages/help.html.erb within layouts/application (2.3ms)
Completed 200 OK in 246ms (Views: 245.2ms | ActiveRecord: 0.0ms)


Started GET "/assets/application.css?body=1" for 10.0.2.2 at 2013-04-04 13:40:46 +0200
Served asset /application.css - 304 Not Modified (34ms)


Started GET "/assets/static_pages.css?body=1" for 10.0.2.2 at 2013-04-04 13:40:46 +0200
Served asset /static_pages.css - 304 Not Modified (9ms)


Started GET "/assets/jquery.js?body=1" for 10.0.2.2 at 2013-04-04 13:40:46 +0200
Served asset /jquery.js - 304 Not Modified (3ms)


Started GET "/assets/static_pages.js?body=1" for 10.0.2.2 at 2013-04-04 13:40:46 +0200
Served asset /static_pages.js - 304 Not Modified (11ms)


Started GET "/assets/application.js?body=1" for 10.0.2.2 at 2013-04-04 13:40:46 +0200
Served asset /application.js - 304 Not Modified (26ms)


Started GET "/assets/jquery_ujs.js?body=1" for 10.0.2.2 at 2013-04-04 13:40:46 +0200
Served asset /jquery_ujs.js - 304 Not Modified (1ms)


Started GET "/static_pages/" for 10.0.2.2 at 2013-04-04 13:40:48 +0200

ActionController::RoutingError (No route matches [GET] "/static_pages"):
  actionpack (3.2.12) lib/action_dispatch/middleware/debug_exceptions.rb:21:in `call'
  actionpack (3.2.12) lib/action_dispatch/middleware/show_exceptions.rb:56:in `call'
  railties (3.2.12) lib/rails/rack/logger.rb:32:in `call_app'
  railties (3.2.12) lib/rails/rack/logger.rb:16:in `block in call'
  activesupport (3.2.12) lib/active_support/tagged_logging.rb:22:in `tagged'
  railties (3.2.12) lib/rails/rack/logger.rb:16:in `call'
  actionpack (3.2.12) lib/action_dispatch/middleware/request_id.rb:22:in `call'
  rack (1.4.5) lib/rack/methodoverride.rb:21:in `call'
  rack (1.4.5) lib/rack/runtime.rb:17:in `call'
  activesupport (3.2.12) lib/active_support/cache/strategy/local_cache.rb:72:in `call'
  rack (1.4.5) lib/rack/lock.rb:15:in `call'
  actionpack (3.2.12) lib/action_dispatch/middleware/static.rb:62:in `call'
  railties (3.2.12) lib/rails/engine.rb:479:in `call'
  railties (3.2.12) lib/rails/application.rb:223:in `call'
  rack (1.4.5) lib/rack/content_length.rb:14:in `call'
  railties (3.2.12) lib/rails/rack/log_tailer.rb:17:in `call'
  rack (1.4.5) lib/rack/handler/webrick.rb:59:in `service'
  /home/alu3958/.rvm/rubies/ruby-1.9.3-p385/lib/ruby/1.9.1/webrick/httpserver.rb:138:in `service'
  /home/alu3958/.rvm/rubies/ruby-1.9.3-p385/lib/ruby/1.9.1/webrick/httpserver.rb:94:in `run'
  /home/alu3958/.rvm/rubies/ruby-1.9.3-p385/lib/ruby/1.9.1/webrick/server.rb:191:in `block in start_thread'


  Rendered /home/alu3958/.rvm/gems/ruby-1.9.3-p385/gems/actionpack-3.2.12/lib/action_dispatch/middleware/templates/rescues/routing_error.erb within rescues/layout (2.7ms)


Started GET "/static_pages/home" for 10.0.2.2 at 2013-04-04 13:44:43 +0200
Connecting to database specified by database.yml
Processing by StaticPagesController#home as HTML
  Rendered static_pages/home.html.erb within layouts/application (13.2ms)
Completed 200 OK in 400ms (Views: 399.6ms | ActiveRecord: 0.0ms)


Started GET "/assets/application.css?body=1" for 10.0.2.2 at 2013-04-04 13:44:45 +0200
Served asset /application.css - 304 Not Modified (45ms)


Started GET "/assets/static_pages.css?body=1" for 10.0.2.2 at 2013-04-04 13:44:45 +0200
Served asset /static_pages.css - 304 Not Modified (32ms)


Started GET "/assets/static_pages.js?body=1" for 10.0.2.2 at 2013-04-04 13:44:46 +0200
Served asset /static_pages.js - 304 Not Modified (27ms)


Started GET "/assets/application.js?body=1" for 10.0.2.2 at 2013-04-04 13:44:46 +0200
Served asset /application.js - 304 Not Modified (63ms)


Started GET "/assets/jquery_ujs.js?body=1" for 10.0.2.2 at 2013-04-04 13:44:46 +0200
Served asset /jquery_ujs.js - 304 Not Modified (37ms)


Started GET "/assets/jquery.js?body=1" for 10.0.2.2 at 2013-04-04 13:44:46 +0200
Served asset /jquery.js - 304 Not Modified (49ms)


Started GET "/static_pages/pepe" for 10.0.2.2 at 2013-04-04 13:44:51 +0200

ActionController::RoutingError (No route matches [GET] "/static_pages/pepe"):
  actionpack (3.2.12) lib/action_dispatch/middleware/debug_exceptions.rb:21:in `call'
  actionpack (3.2.12) lib/action_dispatch/middleware/show_exceptions.rb:56:in `call'
  railties (3.2.12) lib/rails/rack/logger.rb:32:in `call_app'
  railties (3.2.12) lib/rails/rack/logger.rb:16:in `block in call'
  activesupport (3.2.12) lib/active_support/tagged_logging.rb:22:in `tagged'
  railties (3.2.12) lib/rails/rack/logger.rb:16:in `call'
  actionpack (3.2.12) lib/action_dispatch/middleware/request_id.rb:22:in `call'
  rack (1.4.5) lib/rack/methodoverride.rb:21:in `call'
  rack (1.4.5) lib/rack/runtime.rb:17:in `call'
  activesupport (3.2.12) lib/active_support/cache/strategy/local_cache.rb:72:in `call'
  rack (1.4.5) lib/rack/lock.rb:15:in `call'
  actionpack (3.2.12) lib/action_dispatch/middleware/static.rb:62:in `call'
  railties (3.2.12) lib/rails/engine.rb:479:in `call'
  railties (3.2.12) lib/rails/application.rb:223:in `call'
  rack (1.4.5) lib/rack/content_length.rb:14:in `call'
  railties (3.2.12) lib/rails/rack/log_tailer.rb:17:in `call'
  rack (1.4.5) lib/rack/handler/webrick.rb:59:in `service'
  /home/alu3958/.rvm/rubies/ruby-1.9.3-p385/lib/ruby/1.9.1/webrick/httpserver.rb:138:in `service'
  /home/alu3958/.rvm/rubies/ruby-1.9.3-p385/lib/ruby/1.9.1/webrick/httpserver.rb:94:in `run'
  /home/alu3958/.rvm/rubies/ruby-1.9.3-p385/lib/ruby/1.9.1/webrick/server.rb:191:in `block in start_thread'


  Rendered /home/alu3958/.rvm/gems/ruby-1.9.3-p385/gems/actionpack-3.2.12/lib/action_dispatch/middleware/templates/rescues/routing_error.erb within rescues/layout (3.4ms)


Started GET "/static_pages/" for 10.0.2.2 at 2013-04-04 13:44:55 +0200

ActionController::RoutingError (No route matches [GET] "/static_pages"):
  actionpack (3.2.12) lib/action_dispatch/middleware/debug_exceptions.rb:21:in `call'
  actionpack (3.2.12) lib/action_dispatch/middleware/show_exceptions.rb:56:in `call'
  railties (3.2.12) lib/rails/rack/logger.rb:32:in `call_app'
  railties (3.2.12) lib/rails/rack/logger.rb:16:in `block in call'
  activesupport (3.2.12) lib/active_support/tagged_logging.rb:22:in `tagged'
  railties (3.2.12) lib/rails/rack/logger.rb:16:in `call'
  actionpack (3.2.12) lib/action_dispatch/middleware/request_id.rb:22:in `call'
  rack (1.4.5) lib/rack/methodoverride.rb:21:in `call'
  rack (1.4.5) lib/rack/runtime.rb:17:in `call'
  activesupport (3.2.12) lib/active_support/cache/strategy/local_cache.rb:72:in `call'
  rack (1.4.5) lib/rack/lock.rb:15:in `call'
  actionpack (3.2.12) lib/action_dispatch/middleware/static.rb:62:in `call'
  railties (3.2.12) lib/rails/engine.rb:479:in `call'
  railties (3.2.12) lib/rails/application.rb:223:in `call'
  rack (1.4.5) lib/rack/content_length.rb:14:in `call'
  railties (3.2.12) lib/rails/rack/log_tailer.rb:17:in `call'
  rack (1.4.5) lib/rack/handler/webrick.rb:59:in `service'
  /home/alu3958/.rvm/rubies/ruby-1.9.3-p385/lib/ruby/1.9.1/webrick/httpserver.rb:138:in `service'
  /home/alu3958/.rvm/rubies/ruby-1.9.3-p385/lib/ruby/1.9.1/webrick/httpserver.rb:94:in `run'
  /home/alu3958/.rvm/rubies/ruby-1.9.3-p385/lib/ruby/1.9.1/webrick/server.rb:191:in `block in start_thread'


  Rendered /home/alu3958/.rvm/gems/ruby-1.9.3-p385/gems/actionpack-3.2.12/lib/action_dispatch/middleware/templates/rescues/routing_error.erb within rescues/layout (4.3ms)


Started GET "/static_pages/about" for 10.0.2.2 at 2013-04-04 13:44:59 +0200
Processing by StaticPagesController#about as HTML
  Rendered static_pages/about.html.erb within layouts/application (2.2ms)
Completed 200 OK in 235ms (Views: 233.7ms | ActiveRecord: 0.0ms)


Started GET "/assets/application.css?body=1" for 10.0.2.2 at 2013-04-04 13:45:00 +0200
Served asset /application.css - 304 Not Modified (43ms)


Started GET "/assets/static_pages.css?body=1" for 10.0.2.2 at 2013-04-04 13:45:00 +0200
Served asset /static_pages.css - 304 Not Modified (7ms)


Started GET "/assets/jquery.js?body=1" for 10.0.2.2 at 2013-04-04 13:45:00 +0200
Served asset /jquery.js - 304 Not Modified (3ms)


Started GET "/assets/static_pages.js?body=1" for 10.0.2.2 at 2013-04-04 13:45:00 +0200
Served asset /static_pages.js - 304 Not Modified (10ms)


Started GET "/assets/jquery_ujs.js?body=1" for 10.0.2.2 at 2013-04-04 13:45:00 +0200
Served asset /jquery_ujs.js - 304 Not Modified (3ms)


Started GET "/assets/application.js?body=1" for 10.0.2.2 at 2013-04-04 13:45:00 +0200
Served asset /application.js - 304 Not Modified (24ms)


Started GET "/static_pages" for 10.0.2.2 at 2013-04-04 13:45:04 +0200

ActionController::RoutingError (No route matches [GET] "/static_pages"):
  actionpack (3.2.12) lib/action_dispatch/middleware/debug_exceptions.rb:21:in `call'
  actionpack (3.2.12) lib/action_dispatch/middleware/show_exceptions.rb:56:in `call'
  railties (3.2.12) lib/rails/rack/logger.rb:32:in `call_app'
  railties (3.2.12) lib/rails/rack/logger.rb:16:in `block in call'
  activesupport (3.2.12) lib/active_support/tagged_logging.rb:22:in `tagged'
  railties (3.2.12) lib/rails/rack/logger.rb:16:in `call'
  actionpack (3.2.12) lib/action_dispatch/middleware/request_id.rb:22:in `call'
  rack (1.4.5) lib/rack/methodoverride.rb:21:in `call'
  rack (1.4.5) lib/rack/runtime.rb:17:in `call'
  activesupport (3.2.12) lib/active_support/cache/strategy/local_cache.rb:72:in `call'
  rack (1.4.5) lib/rack/lock.rb:15:in `call'
  actionpack (3.2.12) lib/action_dispatch/middleware/static.rb:62:in `call'
  railties (3.2.12) lib/rails/engine.rb:479:in `call'
  railties (3.2.12) lib/rails/application.rb:223:in `call'
  rack (1.4.5) lib/rack/content_length.rb:14:in `call'
  railties (3.2.12) lib/rails/rack/log_tailer.rb:17:in `call'
  rack (1.4.5) lib/rack/handler/webrick.rb:59:in `service'
  /home/alu3958/.rvm/rubies/ruby-1.9.3-p385/lib/ruby/1.9.1/webrick/httpserver.rb:138:in `service'
  /home/alu3958/.rvm/rubies/ruby-1.9.3-p385/lib/ruby/1.9.1/webrick/httpserver.rb:94:in `run'
  /home/alu3958/.rvm/rubies/ruby-1.9.3-p385/lib/ruby/1.9.1/webrick/server.rb:191:in `block in start_thread'


  Rendered /home/alu3958/.rvm/gems/ruby-1.9.3-p385/gems/actionpack-3.2.12/lib/action_dispatch/middleware/templates/rescues/routing_error.erb within rescues/layout (3.1ms)


Started GET "/static_pages/" for 10.0.2.2 at 2013-04-04 13:45:08 +0200

ActionController::RoutingError (No route matches [GET] "/static_pages"):
  actionpack (3.2.12) lib/action_dispatch/middleware/debug_exceptions.rb:21:in `call'
  actionpack (3.2.12) lib/action_dispatch/middleware/show_exceptions.rb:56:in `call'
  railties (3.2.12) lib/rails/rack/logger.rb:32:in `call_app'
  railties (3.2.12) lib/rails/rack/logger.rb:16:in `block in call'
  activesupport (3.2.12) lib/active_support/tagged_logging.rb:22:in `tagged'
  railties (3.2.12) lib/rails/rack/logger.rb:16:in `call'
  actionpack (3.2.12) lib/action_dispatch/middleware/request_id.rb:22:in `call'
  rack (1.4.5) lib/rack/methodoverride.rb:21:in `call'
  rack (1.4.5) lib/rack/runtime.rb:17:in `call'
  activesupport (3.2.12) lib/active_support/cache/strategy/local_cache.rb:72:in `call'
  rack (1.4.5) lib/rack/lock.rb:15:in `call'
  actionpack (3.2.12) lib/action_dispatch/middleware/static.rb:62:in `call'
  railties (3.2.12) lib/rails/engine.rb:479:in `call'
  railties (3.2.12) lib/rails/application.rb:223:in `call'
  rack (1.4.5) lib/rack/content_length.rb:14:in `call'
  railties (3.2.12) lib/rails/rack/log_tailer.rb:17:in `call'
  rack (1.4.5) lib/rack/handler/webrick.rb:59:in `service'
  /home/alu3958/.rvm/rubies/ruby-1.9.3-p385/lib/ruby/1.9.1/webrick/httpserver.rb:138:in `service'
  /home/alu3958/.rvm/rubies/ruby-1.9.3-p385/lib/ruby/1.9.1/webrick/httpserver.rb:94:in `run'
  /home/alu3958/.rvm/rubies/ruby-1.9.3-p385/lib/ruby/1.9.1/webrick/server.rb:191:in `block in start_thread'


  Rendered /home/alu3958/.rvm/gems/ruby-1.9.3-p385/gems/actionpack-3.2.12/lib/action_dispatch/middleware/templates/rescues/routing_error.erb within rescues/layout (4.2ms)
Connecting to database specified by database.yml
